
> wiki@0.0.1 build
> astro build

[2m18:48:36[22m [34m[content][39m Syncing content
[2m18:48:36[22m [34m[content][39m Synced content
[2m18:48:36[22m [34m[types][39m Generated [2m279ms[22m
[2m18:48:36[22m [34m[build][39m output: [34m"static"[39m
[2m18:48:36[22m [34m[build][39m mode: [34m"static"[39m
[2m18:48:36[22m [34m[build][39m directory: [34mC:\Wiki\Wiki\dist\[39m
[2m18:48:36[22m [34m[build][39m Collecting build info...
[2m18:48:36[22m [34m[build][39m [32m Completed in 307ms.[39m
[2m18:48:36[22m [34m[build][39m Building static entrypoints...
node.exe : [31m[1m
18:48:37[22m 
[ERROR] [vite][39m 
[31m[39m Build 
failed in 588ms
In C:\Program Files\
nodejs\npm.ps1:29 
Zeichen:3
+   & $NODE_EXE 
$NPM_CLI_JS $args
+   ~~~~~~~~~~~~~~~~
~~~~~~~~~~~~~
    + CategoryInfo  
            : NotS  
  pecified: ([31   
 m[1m18:48:...f    
ailed in 588ms:    
String) [], Rem    
oteException
    + FullyQualifie 
   dErrorId : Nati  
  veCommandError
 
Expected "as" but 
found "{"
  [1mLocation:[22m
    [4mC:/Wiki/Wiki
/src/pages/index.ast
ro:10:7[24m
  [1mStack 
trace:[22m
[2m    at 
failureErrorWithLog 
(C:\Wiki\Wiki\node_m
odules\vite\node_mod
ules\esbuild\lib\mai
n.js:1467:15)
    at responseCallb
acks.<computed> (C:\
Wiki\Wiki\node_modul
es\vite\node_modules
\esbuild\lib\main.js
:603:9)
    at Socket.readFr
omStdout (C:\Wiki\Wi
ki\node_modules\vite
\node_modules\esbuil
d\lib\main.js:581:7)
    at addChunk (nod
e:internal/streams/r
eadable:561:12)
    at 
Readable.push (node:
internal/streams/rea
dable:392:5)[22m
